Project Information     e:\ufrgs\s3\cd\projeto ahmes\projeto\counter_8bits.rpt

MAX+plus II Compiler Report File
Version 10.2 07/10/2002
Compiled: 04/27/2022 20:48:47

Copyright (C) 1988-2002 Altera Corporation
Any megafunction design, and related net list (encrypted or decrypted),
support information, device programming or simulation file, and any other
associated documentation or information provided by Altera or a partner
under Altera's Megafunction Partnership Program may be used only to
program PLD devices (but not masked PLD devices) from Altera.  Any other
use of such megafunction design, net list, support information, device
programming or simulation file, or any other related documentation or
information is prohibited for any other purpose, including, but not
limited to modification, reverse engineering, de-compiling, or use with
any other silicon devices, unless such use is explicitly licensed under
a separate agreement with Altera or a megafunction partner.  Title to
the intellectual property, including patents, copyrights, trademarks,
trade secrets, or maskworks, embodied in any such megafunction design,
net list, support information, device programming or simulation file, or
any other related documentation or information provided by Altera or a
megafunction partner, remains with Altera, the megafunction partner, or
their respective licensors.  No other licenses, including any licenses
needed under any third party's intellectual property, are provided herein.



***** Project compilation was successful




** DEVICE SUMMARY **

Chip/                     Input   Output   Bidir         Shareable
POF       Device          Pins    Pins     Pins     LCs  Expanders  % Utilized

counter_8bits
      EPM7032LC44-6        4        8        0      8       1           25 %

User Pins:                 4        8        0  



Project Information     e:\ufrgs\s3\cd\projeto ahmes\projeto\counter_8bits.rpt

** PROJECT COMPILATION MESSAGES **

Warning: Ignored unnecessary INPUT pin 'Rst'
Warning: Ignored unnecessary INPUT pin 'fca_in'
Warning: Ignored unnecessary INPUT pin 'Pst'


Project Information     e:\ufrgs\s3\cd\projeto ahmes\projeto\counter_8bits.rpt

** AUTO GLOBAL SIGNALS **



INFO: Signal 'clk' chosen for auto global Clock


Project Information     e:\ufrgs\s3\cd\projeto ahmes\projeto\counter_8bits.rpt

** FILE HIERARCHY **



|counter_cell:14|
|counter_cell:14|mux_4x1:14|
|counter_cell:19|
|counter_cell:19|mux_4x1:14|
|counter_cell:17|
|counter_cell:17|mux_4x1:14|
|counter_cell:16|
|counter_cell:16|mux_4x1:14|
|counter_cell:15|
|counter_cell:15|mux_4x1:14|
|counter_cell:13|
|counter_cell:13|mux_4x1:14|
|counter_cell:10|
|counter_cell:10|mux_4x1:14|
|counter_cell:1|
|counter_cell:1|mux_4x1:14|


Device-Specific Information:e:\ufrgs\s3\cd\projeto ahmes\projeto\counter_8bits.rpt
counter_8bits

***** Logic for device 'counter_8bits' compiled without errors.




Device: EPM7032LC44-6

Device Options:
    Turbo Bit                                    = ON
    Security Bit                                 = OFF

                                               
                                               
                                               
              m  m                             
              o  o                             
              d  d     V  G  G  G  c  G        
              e  e  D  C  N  N  N  l  N  Q  Q  
              1  0  f  C  D  D  D  k  D  5  6  
            -----------------------------------_ 
          /   6  5  4  3  2  1 44 43 42 41 40   | 
RESERVED |  7                                39 | Q2 
RESERVED |  8                                38 | Q1 
RESERVED |  9                                37 | Q7 
     GND | 10                                36 | Q0 
RESERVED | 11                                35 | VCC 
RESERVED | 12         EPM7032LC44-6          34 | Q4 
RESERVED | 13                                33 | Q3 
RESERVED | 14                                32 | RESERVED 
     VCC | 15                                31 | RESERVED 
RESERVED | 16                                30 | GND 
RESERVED | 17                                29 | RESERVED 
         |_  18 19 20 21 22 23 24 25 26 27 28  _| 
           ------------------------------------ 
              R  R  R  R  G  V  R  R  R  R  R  
              E  E  E  E  N  C  E  E  E  E  E  
              S  S  S  S  D  C  S  S  S  S  S  
              E  E  E  E        E  E  E  E  E  
              R  R  R  R        R  R  R  R  R  
              V  V  V  V        V  V  V  V  V  
              E  E  E  E        E  E  E  E  E  
              D  D  D  D        D  D  D  D  D  


N.C. = No Connect. This pin has no internal connection to the device.
VCC = Dedicated power pin, which MUST be connected to VCC.
GND = Dedicated ground pin or unused dedicated input, which MUST be connected to GND.
RESERVED = Unused I/O pin, which MUST be left unconnected.



Device-Specific Information:e:\ufrgs\s3\cd\projeto ahmes\projeto\counter_8bits.rpt
counter_8bits

** RESOURCE USAGE **

                                                Shareable     External
Logic Array Block     Logic Cells   I/O Pins    Expanders   Interconnect

A:     LC1 - LC16     0/16(  0%)   3/16( 18%)   0/16(  0%)   0/36(  0%) 
B:    LC17 - LC32     8/16( 50%)   8/16( 50%)   2/16( 12%)  11/36( 30%) 


Total dedicated input pins used:                 1/4      ( 25%)
Total I/O pins used:                            11/32     ( 34%)
Total logic cells used:                          8/32     ( 25%)
Total shareable expanders used:                  1/32     (  3%)
Total Turbo logic cells used:                    8/32     ( 25%)
Total shareable expanders not available (n/a):   1/32     (  3%)
Average fan-in:                                  8.50
Total fan-in:                                    68

Total input pins required:                       4
Total output pins required:                      8
Total bidirectional pins required:               0
Total logic cells required:                      8
Total flipflops required:                        8
Total product terms required:                   34
Total logic cells lending parallel expanders:    0
Total shareable expanders in database:           1

Synthesized logic cells:                         0/  32   (  0%)



Device-Specific Information:e:\ufrgs\s3\cd\projeto ahmes\projeto\counter_8bits.rpt
counter_8bits

** INPUTS **

                                         Shareable
                                         Expanders     Fan-In    Fan-Out
 Pin     LC  LAB  Primitive    Code   Total Shared n/a INP  FBK  OUT  FBK  Name
  43      -   -       INPUT  G            0      0   0    0    0    0    0  clk
   4    (1)  (A)      INPUT               0      0   0    0    0    8    0  Df
   5    (2)  (A)      INPUT               0      0   0    0    0    8    0  mode0
   6    (3)  (A)      INPUT               0      0   0    0    0    8    0  mode1


Code:

s = Synthesized pin or logic cell
t = Turbo logic cell
+ = Synchronous flipflop
! = NOT gate push-back
r = Fitter-inserted logic cell
G = Global Source. Fan-out destinations counted here do not include destinations
that are driven using global routing resources. Refer to the Auto Global Signals,
Clock Signals, Clear Signals, Synchronous Load Signals, and Synchronous Clear Signals
Sections of this Report File for information on which signals' fan-outs are used as
Clock, Clear, Preset, Output Enable, and synchronous Load signals.


Device-Specific Information:e:\ufrgs\s3\cd\projeto ahmes\projeto\counter_8bits.rpt
counter_8bits

** OUTPUTS **

                                         Shareable
                                         Expanders     Fan-In    Fan-Out
 Pin     LC  LAB  Primitive    Code   Total Shared n/a INP  FBK  OUT  FBK  Name
  36     22    B         FF   +  t        0      0   0    3    1    8    0  Q0 (|counter_cell:1|:1)
  38     20    B         FF   +  t        2      0   1    3    2    7    0  Q1 (|counter_cell:10|:1)
  39     19    B         FF   +  t        0      0   0    3    3    6    0  Q2 (|counter_cell:13|:1)
  33     24    B         FF   +  t        0      0   0    3    4    5    0  Q3 (|counter_cell:14|:1)
  34     23    B         FF   +  t        0      0   0    3    5    4    0  Q4 (|counter_cell:15|:1)
  41     17    B         FF   +  t        0      0   0    3    6    3    0  Q5 (|counter_cell:16|:1)
  40     18    B         FF   +  t        0      0   0    3    7    2    0  Q6 (|counter_cell:17|:1)
  37     21    B         FF   +  t        0      0   0    3    8    1    0  Q7 (|counter_cell:19|:1)


Code:

s = Synthesized pin or logic cell
t = Turbo logic cell
+ = Synchronous flipflop
! = NOT gate push-back
r = Fitter-inserted logic cell


Device-Specific Information:e:\ufrgs\s3\cd\projeto ahmes\projeto\counter_8bits.rpt
counter_8bits

** LOGIC CELL INTERCONNECTIONS **

Logic Array Block 'B':

                         Logic cells placed in LAB 'B'
        +--------------- LC22 Q0
        | +------------- LC20 Q1
        | | +----------- LC19 Q2
        | | | +--------- LC24 Q3
        | | | | +------- LC23 Q4
        | | | | | +----- LC17 Q5
        | | | | | | +--- LC18 Q6
        | | | | | | | +- LC21 Q7
        | | | | | | | | 
        | | | | | | | |   Other LABs fed by signals
        | | | | | | | |   that feed LAB 'B'
LC      | | | | | | | | | A B |     Logic cells that feed LAB 'B':
LC22 -> * * * * * * * * | - * | <-- Q0
LC20 -> - * * * * * * * | - * | <-- Q1
LC19 -> - - * * * * * * | - * | <-- Q2
LC24 -> - - - * * * * * | - * | <-- Q3
LC23 -> - - - - * * * * | - * | <-- Q4
LC17 -> - - - - - * * * | - * | <-- Q5
LC18 -> - - - - - - * * | - * | <-- Q6
LC21 -> - - - - - - - * | - * | <-- Q7

Pin
43   -> - - - - - - - - | - - | <-- clk
4    -> * * * * * * * * | - * | <-- Df
5    -> * * * * * * * * | - * | <-- mode0
6    -> * * * * * * * * | - * | <-- mode1


* = The logic cell or pin is an input to the logic cell (or LAB) through the PIA.
- = The logic cell or pin is not an input to the logic cell (or LAB).


Device-Specific Information:e:\ufrgs\s3\cd\projeto ahmes\projeto\counter_8bits.rpt
counter_8bits

** EQUATIONS **

clk      : INPUT;
Df       : INPUT;
mode0    : INPUT;
mode1    : INPUT;

-- Node name is 'Q0' = '|counter_cell:1|Q' 
-- Equation name is 'Q0', type is output 
 Q0      = DFFE( _EQ001 $  mode1, GLOBAL( clk),  VCC,  VCC,  VCC);
  _EQ001 = !Df &  mode0 &  mode1
         #  mode0 & !mode1 & !Q0
         # !mode0 &  Q0;

-- Node name is 'Q1' = '|counter_cell:10|Q' 
-- Equation name is 'Q1', type is output 
 Q1      = DFFE( _EQ002 $  VCC, GLOBAL( clk),  VCC,  VCC,  VCC);
  _EQ002 = !mode0 &  mode1 &  Q0 &  Q1
         #  mode0 & !mode1 &  Q0 &  Q1
         # !Df &  mode0 &  mode1
         # !Q0 & !Q1 &  _X001
         # !mode0 & !mode1 & !Q1;
  _X001  = EXP( mode0 &  mode1);

-- Node name is 'Q2' = '|counter_cell:13|Q' 
-- Equation name is 'Q2', type is output 
 Q2      = TFFE( _EQ003, GLOBAL( clk),  VCC,  VCC,  VCC);
  _EQ003 =  Df &  mode0 &  mode1 & !Q2
         # !mode0 &  mode1 &  Q0 &  Q1
         #  mode0 & !mode1 &  Q0 &  Q1
         # !Df &  mode0 &  mode1 &  Q2;

-- Node name is 'Q3' = '|counter_cell:14|Q' 
-- Equation name is 'Q3', type is output 
 Q3      = TFFE( _EQ004, GLOBAL( clk),  VCC,  VCC,  VCC);
  _EQ004 = !mode0 &  mode1 &  Q0 &  Q1 &  Q2
         #  mode0 & !mode1 &  Q0 &  Q1 &  Q2
         #  Df &  mode0 &  mode1 & !Q3
         # !Df &  mode0 &  mode1 &  Q3;

-- Node name is 'Q4' = '|counter_cell:15|Q' 
-- Equation name is 'Q4', type is output 
 Q4      = TFFE( _EQ005, GLOBAL( clk),  VCC,  VCC,  VCC);
  _EQ005 = !mode0 &  mode1 &  Q0 &  Q1 &  Q2 &  Q3
         #  mode0 & !mode1 &  Q0 &  Q1 &  Q2 &  Q3
         #  Df &  mode0 &  mode1 & !Q4
         # !Df &  mode0 &  mode1 &  Q4;

-- Node name is 'Q5' = '|counter_cell:16|Q' 
-- Equation name is 'Q5', type is output 
 Q5      = TFFE( _EQ006, GLOBAL( clk),  VCC,  VCC,  VCC);
  _EQ006 = !mode0 &  mode1 &  Q0 &  Q1 &  Q2 &  Q3 &  Q4
         #  mode0 & !mode1 &  Q0 &  Q1 &  Q2 &  Q3 &  Q4
         #  Df &  mode0 &  mode1 & !Q5
         # !Df &  mode0 &  mode1 &  Q5;

-- Node name is 'Q6' = '|counter_cell:17|Q' 
-- Equation name is 'Q6', type is output 
 Q6      = TFFE( _EQ007, GLOBAL( clk),  VCC,  VCC,  VCC);
  _EQ007 = !mode0 &  mode1 &  Q0 &  Q1 &  Q2 &  Q3 &  Q4 &  Q5
         #  mode0 & !mode1 &  Q0 &  Q1 &  Q2 &  Q3 &  Q4 &  Q5
         #  Df &  mode0 &  mode1 & !Q6
         # !Df &  mode0 &  mode1 &  Q6;

-- Node name is 'Q7' = '|counter_cell:19|Q' 
-- Equation name is 'Q7', type is output 
 Q7      = TFFE( _EQ008, GLOBAL( clk),  VCC,  VCC,  VCC);
  _EQ008 = !mode0 &  mode1 &  Q0 &  Q1 &  Q2 &  Q3 &  Q4 &  Q5 &  Q6
         #  mode0 & !mode1 &  Q0 &  Q1 &  Q2 &  Q3 &  Q4 &  Q5 &  Q6
         #  Df &  mode0 &  mode1 & !Q7
         # !Df &  mode0 &  mode1 &  Q7;



--     Shareable expanders that are duplicated in multiple LABs:
--     (none)




Project Information     e:\ufrgs\s3\cd\projeto ahmes\projeto\counter_8bits.rpt

** COMPILATION SETTINGS & TIMES **

Processing Menu Commands
------------------------

Design Doctor                             = off

Logic Synthesis:

   Synthesis Type Used                    = Standard

   Default Synthesis Style                = NORMAL

      Logic option settings in 'NORMAL' style for 'MAX7000' family

      DECOMPOSE_GATES                     = on
      DUPLICATE_LOGIC_EXTRACTION          = on
      MINIMIZATION                        = full
      MULTI_LEVEL_FACTORING               = on
      NOT_GATE_PUSH_BACK                  = on
      PARALLEL_EXPANDERS                  = off
      REDUCE_LOGIC                        = on
      REFACTORIZATION                     = on
      REGISTER_OPTIMIZATION               = on
      RESYNTHESIZE_NETWORK                = on
      SLOW_SLEW_RATE                      = off
      SOFT_BUFFER_INSERTION               = on
      SUBFACTOR_EXTRACTION                = on
      TURBO_BIT                           = on
      XOR_SYNTHESIS                       = on
      IGNORE_SOFT_BUFFERS                 = off
      USE_LPM_FOR_AHDL_OPERATORS          = off

   Other logic synthesis settings:

      Automatic Global Clock              = on
      Automatic Global Clear              = on
      Automatic Global Preset             = on
      Automatic Global Output Enable      = on
      Automatic Fast I/O                  = off
      Automatic Register Packing          = off
      Automatic Open-Drain Pins           = on
      Automatic Implement in EAB          = off
      One-Hot State Machine Encoding      = off
      Optimize                            = 5

Default Timing Specifications: None

Cut All Bidir Feedback Timing Paths       = on
Cut All Clear & Preset Timing Paths       = on

Ignore Timing Assignments                 = off

Functional SNF Extractor                  = off

Linked SNF Extractor                      = off
Timing SNF Extractor                      = on
Optimize Timing SNF                       = off
Generate AHDL TDO File                    = off
Fitter Settings                           = NORMAL
Smart Recompile                           = off
Total Recompile                           = off

Interfaces Menu Commands
------------------------

EDIF Netlist Writer                       = off
Verilog Netlist Writer                    = off
VHDL Netlist Writer                       = off

Compilation Times
-----------------

   Compiler Netlist Extractor             00:00:00
   Database Builder                       00:00:00
   Logic Synthesizer                      00:00:00
   Partitioner                            00:00:01
   Fitter                                 00:00:00
   Timing SNF Extractor                   00:00:00
   Assembler                              00:00:00
   --------------------------             --------
   Total Time                             00:00:01


Memory Allocated
-----------------

Peak memory allocated during compilation  = 2,911K
